<?xml version="1.0" encoding="UTF-8"?>
<robot generator="Robot 4.1.3 (Python 3.7.7 on win32)" generated="20221017 09:45:57.655" rpa="false" schemaversion="2">
<suite id="s1" name="TextBoxTest" source="c:\Users\sebas\Documents\IntegracionGherkins\test\TextBoxTest.robot">
<test id="s1-t1" name="Scenario: como usuario valido el proceso de llenar el formulario">
<kw name="Scenario: validar formulario TextBoxPage">
<kw name="Given navegar a la vista text box pages" library="TextBoxSteps">
<kw name="navegar a la pagina web" library="TextBoxPage">
<kw name="navegar" library="BasePage">
<arg>https://demoqa.com/text-box</arg>
<kw name="Open Browser" library="SeleniumLibrary">
<arg>${url}</arg>
<arg>Chrome</arg>
<arg>executable_path=C:/selenium/chromedriver.exe</arg>
<doc>Opens a new browser instance to the optional ``url``.</doc>
<msg timestamp="20221017 09:45:58.098" level="INFO">Opening browser 'Chrome' to base url 'https://demoqa.com/text-box'.</msg>
<status status="PASS" starttime="20221017 09:45:58.096" endtime="20221017 09:46:04.234"/>
</kw>
<kw name="Maximize Browser Window" library="SeleniumLibrary">
<doc>Maximizes current browser window.</doc>
<status status="PASS" starttime="20221017 09:46:04.235" endtime="20221017 09:46:04.378"/>
</kw>
<status status="PASS" starttime="20221017 09:45:58.094" endtime="20221017 09:46:04.379"/>
</kw>
<status status="PASS" starttime="20221017 09:45:58.093" endtime="20221017 09:46:04.380"/>
</kw>
<status status="PASS" starttime="20221017 09:45:58.092" endtime="20221017 09:46:04.381"/>
</kw>
<kw name="When escribir en el campo de texto full name" library="TextBoxSteps">
<arg>Sebastian</arg>
<kw name="escribir full name" library="TextBoxPage">
<arg>${full_name}</arg>
<kw name="escribir en un elemento" library="BasePage">
<arg>${locator_fullName}</arg>
<arg>${value}</arg>
<kw name="obtener elemento" library="BasePage">
<var>${elemento}</var>
<arg>${locator}</arg>
<kw name="Wait Until Element Is Visible" library="SeleniumLibrary">
<arg>${locator}</arg>
<arg>10s</arg>
<doc>Waits until the element ``locator`` is visible.</doc>
<status status="PASS" starttime="20221017 09:46:04.387" endtime="20221017 09:46:04.443"/>
</kw>
<kw name="Get WebElement" library="SeleniumLibrary">
<var>${elemento}</var>
<arg>${locator}</arg>
<doc>Returns the first WebElement matching the given ``locator``.</doc>
<msg timestamp="20221017 09:46:04.454" level="INFO">${elemento} = &lt;selenium.webdriver.remote.webelement.WebElement (session="2049695402f9a174caf0a504ee8cda6b", element="36725029-1537-41c6-b447-4ca5c70f0ce1")&gt;</msg>
<status status="PASS" starttime="20221017 09:46:04.443" endtime="20221017 09:46:04.455"/>
</kw>
<msg timestamp="20221017 09:46:04.456" level="INFO">${elemento} = &lt;selenium.webdriver.remote.webelement.WebElement (session="2049695402f9a174caf0a504ee8cda6b", element="36725029-1537-41c6-b447-4ca5c70f0ce1")&gt;</msg>
<status status="PASS" starttime="20221017 09:46:04.386" endtime="20221017 09:46:04.456"/>
</kw>
<kw name="Input Text" library="SeleniumLibrary">
<arg>${elemento}</arg>
<arg>${text}</arg>
<doc>Types the given ``text`` into the text field identified by ``locator``.</doc>
<msg timestamp="20221017 09:46:04.457" level="INFO">Typing text 'Sebastian' into text field '&lt;selenium.webdriver.remote.webelement.WebElement (session="2049695402f9a174caf0a504ee8cda6b", element="36725029-1537-41c6-b447-4ca5c70f0ce1")&gt;'.</msg>
<status status="PASS" starttime="20221017 09:46:04.456" endtime="20221017 09:46:04.589"/>
</kw>
<status status="PASS" starttime="20221017 09:46:04.385" endtime="20221017 09:46:04.589"/>
</kw>
<status status="PASS" starttime="20221017 09:46:04.383" endtime="20221017 09:46:04.590"/>
</kw>
<status status="PASS" starttime="20221017 09:46:04.382" endtime="20221017 09:46:04.591"/>
</kw>
<kw name="And escribir en el campo de texto email" library="TextBoxSteps">
<arg>sebas@mail.com</arg>
<kw name="escribir mail" library="TextBoxPage">
<arg>${email}</arg>
<kw name="escribir en un elemento" library="BasePage">
<arg>${locator_email}</arg>
<arg>${value}</arg>
<kw name="obtener elemento" library="BasePage">
<var>${elemento}</var>
<arg>${locator}</arg>
<kw name="Wait Until Element Is Visible" library="SeleniumLibrary">
<arg>${locator}</arg>
<arg>10s</arg>
<doc>Waits until the element ``locator`` is visible.</doc>
<status status="PASS" starttime="20221017 09:46:04.596" endtime="20221017 09:46:04.793"/>
</kw>
<kw name="Get WebElement" library="SeleniumLibrary">
<var>${elemento}</var>
<arg>${locator}</arg>
<doc>Returns the first WebElement matching the given ``locator``.</doc>
<msg timestamp="20221017 09:46:04.839" level="INFO">${elemento} = &lt;selenium.webdriver.remote.webelement.WebElement (session="2049695402f9a174caf0a504ee8cda6b", element="7646f920-436c-49a3-a561-0750a1ca2402")&gt;</msg>
<status status="PASS" starttime="20221017 09:46:04.793" endtime="20221017 09:46:04.839"/>
</kw>
<msg timestamp="20221017 09:46:04.842" level="INFO">${elemento} = &lt;selenium.webdriver.remote.webelement.WebElement (session="2049695402f9a174caf0a504ee8cda6b", element="7646f920-436c-49a3-a561-0750a1ca2402")&gt;</msg>
<status status="PASS" starttime="20221017 09:46:04.595" endtime="20221017 09:46:04.842"/>
</kw>
<kw name="Input Text" library="SeleniumLibrary">
<arg>${elemento}</arg>
<arg>${text}</arg>
<doc>Types the given ``text`` into the text field identified by ``locator``.</doc>
<msg timestamp="20221017 09:46:04.844" level="INFO">Typing text 'sebas@mail.com' into text field '&lt;selenium.webdriver.remote.webelement.WebElement (session="2049695402f9a174caf0a504ee8cda6b", element="7646f920-436c-49a3-a561-0750a1ca2402")&gt;'.</msg>
<status status="PASS" starttime="20221017 09:46:04.843" endtime="20221017 09:46:05.006"/>
</kw>
<status status="PASS" starttime="20221017 09:46:04.593" endtime="20221017 09:46:05.007"/>
</kw>
<status status="PASS" starttime="20221017 09:46:04.592" endtime="20221017 09:46:05.008"/>
</kw>
<status status="PASS" starttime="20221017 09:46:04.591" endtime="20221017 09:46:05.008"/>
</kw>
<kw name="And escribir en el campo de texto direccion" library="TextBoxSteps">
<arg>Call 34 C</arg>
<kw name="escribir direccion" library="TextBoxPage">
<arg>${address}</arg>
<kw name="escribir en un elemento" library="BasePage">
<arg>${locator_address}</arg>
<arg>${value}</arg>
<kw name="obtener elemento" library="BasePage">
<var>${elemento}</var>
<arg>${locator}</arg>
<kw name="Wait Until Element Is Visible" library="SeleniumLibrary">
<arg>${locator}</arg>
<arg>10s</arg>
<doc>Waits until the element ``locator`` is visible.</doc>
<status status="PASS" starttime="20221017 09:46:05.017" endtime="20221017 09:46:05.054"/>
</kw>
<kw name="Get WebElement" library="SeleniumLibrary">
<var>${elemento}</var>
<arg>${locator}</arg>
<doc>Returns the first WebElement matching the given ``locator``.</doc>
<msg timestamp="20221017 09:46:05.068" level="INFO">${elemento} = &lt;selenium.webdriver.remote.webelement.WebElement (session="2049695402f9a174caf0a504ee8cda6b", element="5561a244-f623-4963-a3ab-a46fd6f89e87")&gt;</msg>
<status status="PASS" starttime="20221017 09:46:05.055" endtime="20221017 09:46:05.068"/>
</kw>
<msg timestamp="20221017 09:46:05.069" level="INFO">${elemento} = &lt;selenium.webdriver.remote.webelement.WebElement (session="2049695402f9a174caf0a504ee8cda6b", element="5561a244-f623-4963-a3ab-a46fd6f89e87")&gt;</msg>
<status status="PASS" starttime="20221017 09:46:05.014" endtime="20221017 09:46:05.070"/>
</kw>
<kw name="Input Text" library="SeleniumLibrary">
<arg>${elemento}</arg>
<arg>${text}</arg>
<doc>Types the given ``text`` into the text field identified by ``locator``.</doc>
<msg timestamp="20221017 09:46:05.072" level="INFO">Typing text 'Call 34 C' into text field '&lt;selenium.webdriver.remote.webelement.WebElement (session="2049695402f9a174caf0a504ee8cda6b", element="5561a244-f623-4963-a3ab-a46fd6f89e87")&gt;'.</msg>
<status status="PASS" starttime="20221017 09:46:05.070" endtime="20221017 09:46:05.221"/>
</kw>
<status status="PASS" starttime="20221017 09:46:05.012" endtime="20221017 09:46:05.221"/>
</kw>
<status status="PASS" starttime="20221017 09:46:05.010" endtime="20221017 09:46:05.222"/>
</kw>
<status status="PASS" starttime="20221017 09:46:05.009" endtime="20221017 09:46:05.223"/>
</kw>
<kw name="And dar click en el boton submit" library="TextBoxPage">
<kw name="retornar existencia de elemento" library="BasePage">
<var>${existe_anuncio}</var>
<arg>${locator_anuncio}</arg>
<kw name="Run Keyword And Return Status" library="BuiltIn">
<var>${existencia_elemento}</var>
<arg>Wait Until Element Is Visible</arg>
<arg>${locator}</arg>
<doc>Runs the given keyword with given arguments and returns the status as a Boolean value.</doc>
<kw name="Wait Until Element Is Visible" library="SeleniumLibrary">
<arg>${locator}</arg>
<doc>Waits until the element ``locator`` is visible.</doc>
<status status="PASS" starttime="20221017 09:46:05.226" endtime="20221017 09:46:05.264"/>
</kw>
<msg timestamp="20221017 09:46:05.265" level="INFO">${existencia_elemento} = True</msg>
<status status="PASS" starttime="20221017 09:46:05.225" endtime="20221017 09:46:05.265"/>
</kw>
<msg timestamp="20221017 09:46:05.266" level="INFO">${existe_anuncio} = True</msg>
<status status="PASS" starttime="20221017 09:46:05.224" endtime="20221017 09:46:05.267"/>
</kw>
<if>
<branch type="IF" condition="${existe_anuncio} == True">
<kw name="cerrar anuncion google" library="TextBoxPage">
<kw name="Execute Javascript" library="SeleniumLibrary">
<arg>var googleId = document.getElementById('adplus-anchor');googleId.style.display = 'none';</arg>
<doc>Executes the given JavaScript code with possible arguments.</doc>
<msg timestamp="20221017 09:46:05.271" level="INFO">Executing JavaScript:
var googleId = document.getElementById('adplus-anchor');googleId.style.display = 'none';
Without any arguments.</msg>
<status status="PASS" starttime="20221017 09:46:05.268" endtime="20221017 09:46:05.281"/>
</kw>
<status status="PASS" starttime="20221017 09:46:05.268" endtime="20221017 09:46:05.281"/>
</kw>
<status status="PASS" starttime="20221017 09:46:05.267" endtime="20221017 09:46:05.281"/>
</branch>
<status status="PASS" starttime="20221017 09:46:05.267" endtime="20221017 09:46:05.282"/>
</if>
<kw name="dar click a elemento" library="BasePage">
<arg>${locator_sunmit}</arg>
<kw name="Click Element" library="SeleniumLibrary">
<arg>${locator}</arg>
<doc>Click the element identified by ``locator``.</doc>
<msg timestamp="20221017 09:46:05.284" level="INFO">Clicking element 'xpath:/html/body/div[2]/div/div/div[2]/div[2]/div[2]/form/div[5]/div/button'.</msg>
<msg timestamp="20221017 09:46:06.699" level="INFO" html="true">&lt;/td&gt;&lt;/tr&gt;&lt;tr&gt;&lt;td colspan="3"&gt;&lt;a href="selenium-screenshot-29.png"&gt;&lt;img src="selenium-screenshot-29.png" width="800px"&gt;&lt;/a&gt;</msg>
<msg timestamp="20221017 09:46:06.706" level="FAIL">ElementClickInterceptedException: Message: element click intercepted: Element &lt;button id="submit" type="button" class="btn btn-primary"&gt;...&lt;/button&gt; is not clickable at point (1078, 689). Other element would receive the click: &lt;div&gt;...&lt;/div&gt;
  (Session info: chrome=106.0.5249.119)
</msg>
<status status="FAIL" starttime="20221017 09:46:05.283" endtime="20221017 09:46:06.708"/>
</kw>
<status status="FAIL" starttime="20221017 09:46:05.282" endtime="20221017 09:46:06.710"/>
</kw>
<status status="FAIL" starttime="20221017 09:46:05.223" endtime="20221017 09:46:06.712"/>
</kw>
<kw name="Then validar texto del formulario" library="TextBoxSteps">
<arg>Name:Sebastian</arg>
<status status="NOT RUN" starttime="20221017 09:46:06.713" endtime="20221017 09:46:06.714"/>
</kw>
<status status="FAIL" starttime="20221017 09:45:58.092" endtime="20221017 09:46:06.714"/>
</kw>
<status status="FAIL" starttime="20221017 09:45:58.090" endtime="20221017 09:46:06.716">ElementClickInterceptedException: Message: element click intercepted: Element &lt;button id="submit" type="button" class="btn btn-primary"&gt;...&lt;/button&gt; is not clickable at point (1078, 689). Other element would receive the click: &lt;div&gt;...&lt;/div&gt;
  (Session info: chrome=106.0.5249.119)
</status>
</test>
<status status="FAIL" starttime="20221017 09:45:57.663" endtime="20221017 09:46:06.722"/>
</suite>
<statistics>
<total>
<stat pass="0" fail="1" skip="0">All Tests</stat>
</total>
<tag>
</tag>
<suite>
<stat pass="0" fail="1" skip="0" id="s1" name="TextBoxTest">TextBoxTest</stat>
</suite>
</statistics>
<errors>
</errors>
</robot>
