<?xml version="1.0" encoding="UTF-8"?>
<robot generator="Robot 4.1.3 (Python 3.7.7 on win32)" generated="20221017 15:35:37.206" rpa="false" schemaversion="2">
<suite id="s1" name="DragAndDrop" source="c:\Users\sebas\Documents\IntegracionGherkins\test\DragAndDrop.robot">
<test id="s1-t1" name="Scenario: Validar que se realice correctamnete el drag and drop">
<kw name="Scenario: validar movimiento de elemento">
<kw name="Given como usuario navego al sitio web de drag and drop" library="DragDropSteps">
<kw name="abrir pagina de drag and Drop" library="DragDropPage">
<kw name="navegar" library="BasePage">
<arg>https://the-internet.herokuapp.com/drag_and_drop</arg>
<kw name="Open Browser" library="SeleniumLibrary">
<arg>${url}</arg>
<arg>Chrome</arg>
<arg>executable_path=C:/selenium/chromedriver.exe</arg>
<doc>Opens a new browser instance to the optional ``url``.</doc>
<msg timestamp="20221017 15:35:39.425" level="INFO">Opening browser 'Chrome' to base url 'https://the-internet.herokuapp.com/drag_and_drop'.</msg>
<status status="PASS" starttime="20221017 15:35:39.421" endtime="20221017 15:35:44.181"/>
</kw>
<kw name="Maximize Browser Window" library="SeleniumLibrary">
<doc>Maximizes current browser window.</doc>
<status status="PASS" starttime="20221017 15:35:44.183" endtime="20221017 15:35:44.351"/>
</kw>
<status status="PASS" starttime="20221017 15:35:39.416" endtime="20221017 15:35:44.353"/>
</kw>
<status status="PASS" starttime="20221017 15:35:39.413" endtime="20221017 15:35:44.358"/>
</kw>
<status status="PASS" starttime="20221017 15:35:39.410" endtime="20221017 15:35:44.360"/>
</kw>
<kw name="When como usuario arrastro el elemento desde a hasta b" library="DragDropSteps">
<kw name="cambiar ubicacion del rectangulo" library="DragDropPage">
<kw name="mover elemento" library="BasePage">
<arg>${locator_inicial}</arg>
<arg>${locator_destino}</arg>
<kw name="Drag And Drop" library="SeleniumLibrary">
<arg>${locator_inical}</arg>
<arg>${locator_destino}</arg>
<doc>Drags the element identified by ``locator`` into the ``target`` element.</doc>
<status status="PASS" starttime="20221017 15:35:44.370" endtime="20221017 15:35:46.365"/>
</kw>
<status status="PASS" starttime="20221017 15:35:44.367" endtime="20221017 15:35:46.366"/>
</kw>
<status status="PASS" starttime="20221017 15:35:44.364" endtime="20221017 15:35:46.367"/>
</kw>
<status status="PASS" starttime="20221017 15:35:44.362" endtime="20221017 15:35:46.367"/>
</kw>
<status status="PASS" starttime="20221017 15:35:39.404" endtime="20221017 15:35:46.368"/>
</kw>
<status status="PASS" starttime="20221017 15:35:39.400" endtime="20221017 15:35:46.374"/>
</test>
<status status="PASS" starttime="20221017 15:35:37.223" endtime="20221017 15:35:46.383"/>
</suite>
<statistics>
<total>
<stat pass="1" fail="0" skip="0">All Tests</stat>
</total>
<tag>
</tag>
<suite>
<stat pass="1" fail="0" skip="0" id="s1" name="DragAndDrop">DragAndDrop</stat>
</suite>
</statistics>
<errors>
</errors>
</robot>
